This is pdfTeX, Version 3.1415926-2.5-1.40.14 (MiKTeX 2.9) (preloaded format=pdflatex 2015.3.6)  13 MAY 2017 18:29
entering extended mode
**bareCards.tex
(C:\Users\kriley\Desktop\draftRepo\bareCards.tex
LaTeX2e <2011/06/27>
Babel <v3.8m> and hyphenation patterns for english, afrikaans, ancientgreek, ar
abic, armenian, assamese, basque, bengali, bokmal, bulgarian, catalan, coptic, 
croatian, czech, danish, dutch, esperanto, estonian, farsi, finnish, french, ga
lician, german, german-x-2013-05-26, greek, gujarati, hindi, hungarian, iceland
ic, indonesian, interlingua, irish, italian, kannada, kurmanji, latin, latvian,
 lithuanian, malayalam, marathi, mongolian, mongolianlmc, monogreek, ngerman, n
german-x-2013-05-26, nynorsk, oriya, panjabi, pinyin, polish, portuguese, roman
ian, russian, sanskrit, serbian, slovak, slovenian, spanish, swedish, swissgerm
an, tamil, telugu, turkish, turkmen, ukenglish, ukrainian, uppersorbian, usengl
ishmax, welsh, loaded.
("C:\Program Files (x86)\MiKTeX 2.9\tex\latex\base\article.cls"
Document Class: article 2007/10/19 v1.4h Standard LaTeX document class
("C:\Program Files (x86)\MiKTeX 2.9\tex\latex\base\size10.clo"
File: size10.clo 2007/10/19 v1.4h Standard LaTeX file (size option)
)
\c@part=\count79
\c@section=\count80
\c@subsection=\count81
\c@subsubsection=\count82
\c@paragraph=\count83
\c@subparagraph=\count84
\c@figure=\count85
\c@table=\count86
\abovecaptionskip=\skip41
\belowcaptionskip=\skip42
\bibindent=\dimen102
)
(C:\Users\kriley\Desktop\draftRepo\libs.tex
("C:\Program Files (x86)\MiKTeX 2.9\tex\latex\geometry\geometry.sty"
Package: geometry 2010/09/12 v5.6 Page Geometry

("C:\Program Files (x86)\MiKTeX 2.9\tex\latex\graphics\keyval.sty"
Package: keyval 1999/03/16 v1.13 key=value parser (DPC)
\KV@toks@=\toks14
)
("C:\Program Files (x86)\MiKTeX 2.9\tex\generic\oberdiek\ifpdf.sty"
Package: ifpdf 2011/01/30 v2.3 Provides the ifpdf switch (HO)
Package ifpdf Info: pdfTeX in PDF mode is detected.
)
("C:\Program Files (x86)\MiKTeX 2.9\tex\generic\oberdiek\ifvtex.sty"
Package: ifvtex 2010/03/01 v1.5 Detect VTeX and its facilities (HO)
Package ifvtex Info: VTeX not detected.
)
("C:\Program Files (x86)\MiKTeX 2.9\tex\generic\ifxetex\ifxetex.sty"
Package: ifxetex 2010/09/12 v0.6 Provides ifxetex conditional
)
\Gm@cnth=\count87
\Gm@cntv=\count88
\c@Gm@tempcnt=\count89
\Gm@bindingoffset=\dimen103
\Gm@wd@mp=\dimen104
\Gm@odd@mp=\dimen105
\Gm@even@mp=\dimen106
\Gm@layoutwidth=\dimen107
\Gm@layoutheight=\dimen108
\Gm@layouthoffset=\dimen109
\Gm@layoutvoffset=\dimen110
\Gm@dimlist=\toks15

("C:\Program Files (x86)\MiKTeX 2.9\tex\latex\geometry\geometry.cfg"))
("C:\Program Files (x86)\MiKTeX 2.9\tex\latex\hyphenat\hyphenat.sty"
Package: hyphenat 2009/09/02 v2.3c hyphenation utilities
\langwohyphens=\language69
LaTeX Info: Redefining \_ on input line 43.
)
("C:\Program Files (x86)\MiKTeX 2.9\tex\latex\antt\anttor.sty"
Package: anttor 2005/10/03 v.1.2 anttor (Antykwa Torunska) package (MW)
)
("C:\Program Files (x86)\MiKTeX 2.9\tex\latex\base\inputenc.sty"
Package: inputenc 2008/03/30 v1.1d Input encoding file
\inpenc@prehook=\toks16
\inpenc@posthook=\toks17

("C:\Program Files (x86)\MiKTeX 2.9\tex\latex\base\utf8.def"
File: utf8.def 2008/04/05 v1.1m UTF-8 support for inputenc
Now handling font encoding OML ...
... no UTF-8 mapping file for font encoding OML
Now handling font encoding T1 ...
... processing UTF-8 mapping file for font encoding T1

("C:\Program Files (x86)\MiKTeX 2.9\tex\latex\base\t1enc.dfu"
File: t1enc.dfu 2008/04/05 v1.1m UTF-8 support for inputenc
   defining Unicode char U+00A1 (decimal 161)
   defining Unicode char U+00A3 (decimal 163)
   defining Unicode char U+00AB (decimal 171)
   defining Unicode char U+00BB (decimal 187)
   defining Unicode char U+00BF (decimal 191)
   defining Unicode char U+00C0 (decimal 192)
   defining Unicode char U+00C1 (decimal 193)
   defining Unicode char U+00C2 (decimal 194)
   defining Unicode char U+00C3 (decimal 195)
   defining Unicode char U+00C4 (decimal 196)
   defining Unicode char U+00C5 (decimal 197)
   defining Unicode char U+00C6 (decimal 198)
   defining Unicode char U+00C7 (decimal 199)
   defining Unicode char U+00C8 (decimal 200)
   defining Unicode char U+00C9 (decimal 201)
   defining Unicode char U+00CA (decimal 202)
   defining Unicode char U+00CB (decimal 203)
   defining Unicode char U+00CC (decimal 204)
   defining Unicode char U+00CD (decimal 205)
   defining Unicode char U+00CE (decimal 206)
   defining Unicode char U+00CF (decimal 207)
   defining Unicode char U+00D0 (decimal 208)
   defining Unicode char U+00D1 (decimal 209)
   defining Unicode char U+00D2 (decimal 210)
   defining Unicode char U+00D3 (decimal 211)
   defining Unicode char U+00D4 (decimal 212)
   defining Unicode char U+00D5 (decimal 213)
   defining Unicode char U+00D6 (decimal 214)
   defining Unicode char U+00D8 (decimal 216)
   defining Unicode char U+00D9 (decimal 217)
   defining Unicode char U+00DA (decimal 218)
   defining Unicode char U+00DB (decimal 219)
   defining Unicode char U+00DC (decimal 220)
   defining Unicode char U+00DD (decimal 221)
   defining Unicode char U+00DE (decimal 222)
   defining Unicode char U+00DF (decimal 223)
   defining Unicode char U+00E0 (decimal 224)
   defining Unicode char U+00E1 (decimal 225)
   defining Unicode char U+00E2 (decimal 226)
   defining Unicode char U+00E3 (decimal 227)
   defining Unicode char U+00E4 (decimal 228)
   defining Unicode char U+00E5 (decimal 229)
   defining Unicode char U+00E6 (decimal 230)
   defining Unicode char U+00E7 (decimal 231)
   defining Unicode char U+00E8 (decimal 232)
   defining Unicode char U+00E9 (decimal 233)
   defining Unicode char U+00EA (decimal 234)
   defining Unicode char U+00EB (decimal 235)
   defining Unicode char U+00EC (decimal 236)
   defining Unicode char U+00ED (decimal 237)
   defining Unicode char U+00EE (decimal 238)
   defining Unicode char U+00EF (decimal 239)
   defining Unicode char U+00F0 (decimal 240)
   defining Unicode char U+00F1 (decimal 241)
   defining Unicode char U+00F2 (decimal 242)
   defining Unicode char U+00F3 (decimal 243)
   defining Unicode char U+00F4 (decimal 244)
   defining Unicode char U+00F5 (decimal 245)
   defining Unicode char U+00F6 (decimal 246)
   defining Unicode char U+00F8 (decimal 248)
   defining Unicode char U+00F9 (decimal 249)
   defining Unicode char U+00FA (decimal 250)
   defining Unicode char U+00FB (decimal 251)
   defining Unicode char U+00FC (decimal 252)
   defining Unicode char U+00FD (decimal 253)
   defining Unicode char U+00FE (decimal 254)
   defining Unicode char U+00FF (decimal 255)
   defining Unicode char U+0102 (decimal 258)
   defining Unicode char U+0103 (decimal 259)
   defining Unicode char U+0104 (decimal 260)
   defining Unicode char U+0105 (decimal 261)
   defining Unicode char U+0106 (decimal 262)
   defining Unicode char U+0107 (decimal 263)
   defining Unicode char U+010C (decimal 268)
   defining Unicode char U+010D (decimal 269)
   defining Unicode char U+010E (decimal 270)
   defining Unicode char U+010F (decimal 271)
   defining Unicode char U+0110 (decimal 272)
   defining Unicode char U+0111 (decimal 273)
   defining Unicode char U+0118 (decimal 280)
   defining Unicode char U+0119 (decimal 281)
   defining Unicode char U+011A (decimal 282)
   defining Unicode char U+011B (decimal 283)
   defining Unicode char U+011E (decimal 286)
   defining Unicode char U+011F (decimal 287)
   defining Unicode char U+0130 (decimal 304)
   defining Unicode char U+0131 (decimal 305)
   defining Unicode char U+0132 (decimal 306)
   defining Unicode char U+0133 (decimal 307)
   defining Unicode char U+0139 (decimal 313)
   defining Unicode char U+013A (decimal 314)
   defining Unicode char U+013D (decimal 317)
   defining Unicode char U+013E (decimal 318)
   defining Unicode char U+0141 (decimal 321)
   defining Unicode char U+0142 (decimal 322)
   defining Unicode char U+0143 (decimal 323)
   defining Unicode char U+0144 (decimal 324)
   defining Unicode char U+0147 (decimal 327)
   defining Unicode char U+0148 (decimal 328)
   defining Unicode char U+014A (decimal 330)
   defining Unicode char U+014B (decimal 331)
   defining Unicode char U+0150 (decimal 336)
   defining Unicode char U+0151 (decimal 337)
   defining Unicode char U+0152 (decimal 338)
   defining Unicode char U+0153 (decimal 339)
   defining Unicode char U+0154 (decimal 340)
   defining Unicode char U+0155 (decimal 341)
   defining Unicode char U+0158 (decimal 344)
   defining Unicode char U+0159 (decimal 345)
   defining Unicode char U+015A (decimal 346)
   defining Unicode char U+015B (decimal 347)
   defining Unicode char U+015E (decimal 350)
   defining Unicode char U+015F (decimal 351)
   defining Unicode char U+0160 (decimal 352)
   defining Unicode char U+0161 (decimal 353)
   defining Unicode char U+0162 (decimal 354)
   defining Unicode char U+0163 (decimal 355)
   defining Unicode char U+0164 (decimal 356)
   defining Unicode char U+0165 (decimal 357)
   defining Unicode char U+016E (decimal 366)
   defining Unicode char U+016F (decimal 367)
   defining Unicode char U+0170 (decimal 368)
   defining Unicode char U+0171 (decimal 369)
   defining Unicode char U+0178 (decimal 376)
   defining Unicode char U+0179 (decimal 377)
   defining Unicode char U+017A (decimal 378)
   defining Unicode char U+017B (decimal 379)
   defining Unicode char U+017C (decimal 380)
   defining Unicode char U+017D (decimal 381)
   defining Unicode char U+017E (decimal 382)
   defining Unicode char U+200C (decimal 8204)
   defining Unicode char U+2013 (decimal 8211)
   defining Unicode char U+2014 (decimal 8212)
   defining Unicode char U+2018 (decimal 8216)
   defining Unicode char U+2019 (decimal 8217)
   defining Unicode char U+201A (decimal 8218)
   defining Unicode char U+201C (decimal 8220)
   defining Unicode char U+201D (decimal 8221)
   defining Unicode char U+201E (decimal 8222)
   defining Unicode char U+2030 (decimal 8240)
   defining Unicode char U+2031 (decimal 8241)
   defining Unicode char U+2039 (decimal 8249)
   defining Unicode char U+203A (decimal 8250)
   defining Unicode char U+2423 (decimal 9251)
)
Now handling font encoding OT1 ...
... processing UTF-8 mapping file for font encoding OT1

("C:\Program Files (x86)\MiKTeX 2.9\tex\latex\base\ot1enc.dfu"
File: ot1enc.dfu 2008/04/05 v1.1m UTF-8 support for inputenc
   defining Unicode char U+00A1 (decimal 161)
   defining Unicode char U+00A3 (decimal 163)
   defining Unicode char U+00B8 (decimal 184)
   defining Unicode char U+00BF (decimal 191)
   defining Unicode char U+00C5 (decimal 197)
   defining Unicode char U+00C6 (decimal 198)
   defining Unicode char U+00D8 (decimal 216)
   defining Unicode char U+00DF (decimal 223)
   defining Unicode char U+00E6 (decimal 230)
   defining Unicode char U+00EC (decimal 236)
   defining Unicode char U+00ED (decimal 237)
   defining Unicode char U+00EE (decimal 238)
   defining Unicode char U+00EF (decimal 239)
   defining Unicode char U+00F8 (decimal 248)
   defining Unicode char U+0131 (decimal 305)
   defining Unicode char U+0141 (decimal 321)
   defining Unicode char U+0142 (decimal 322)
   defining Unicode char U+0152 (decimal 338)
   defining Unicode char U+0153 (decimal 339)
   defining Unicode char U+2013 (decimal 8211)
   defining Unicode char U+2014 (decimal 8212)
   defining Unicode char U+2018 (decimal 8216)
   defining Unicode char U+2019 (decimal 8217)
   defining Unicode char U+201C (decimal 8220)
   defining Unicode char U+201D (decimal 8221)
)
Now handling font encoding OMS ...
... processing UTF-8 mapping file for font encoding OMS

("C:\Program Files (x86)\MiKTeX 2.9\tex\latex\base\omsenc.dfu"
File: omsenc.dfu 2008/04/05 v1.1m UTF-8 support for inputenc
   defining Unicode char U+00A7 (decimal 167)
   defining Unicode char U+00B6 (decimal 182)
   defining Unicode char U+00B7 (decimal 183)
   defining Unicode char U+2020 (decimal 8224)
   defining Unicode char U+2021 (decimal 8225)
   defining Unicode char U+2022 (decimal 8226)
)
Now handling font encoding OMX ...
... no UTF-8 mapping file for font encoding OMX
Now handling font encoding U ...
... no UTF-8 mapping file for font encoding U
   defining Unicode char U+00A9 (decimal 169)
   defining Unicode char U+00AA (decimal 170)
   defining Unicode char U+00AE (decimal 174)
   defining Unicode char U+00BA (decimal 186)
   defining Unicode char U+02C6 (decimal 710)
   defining Unicode char U+02DC (decimal 732)
   defining Unicode char U+200C (decimal 8204)
   defining Unicode char U+2026 (decimal 8230)
   defining Unicode char U+2122 (decimal 8482)
   defining Unicode char U+2423 (decimal 9251)
))
("C:\Program Files (x86)\MiKTeX 2.9\tex\generic\babel\babel.sty"
Package: babel 2008/07/08 v3.8m The Babel package

*************************************
* Local config file bblopts.cfg used
*
("C:\Program Files (x86)\MiKTeX 2.9\tex\latex\00miktex\bblopts.cfg"
File: bblopts.cfg 2006/07/31 v1.0 MiKTeX 'babel' configuration
)
("C:\Program Files (x86)\MiKTeX 2.9\tex\generic\babel\germanb.ldf"
Language: germanb 2008/06/01 v2.6m German support from the babel system

("C:\Program Files (x86)\MiKTeX 2.9\tex\generic\babel\babel.def"
File: babel.def 2008/07/08 v3.8m Babel common definitions
\babel@savecnt=\count90
\U@D=\dimen111
)
\l@austrian = a dialect from \language\l@german 
Package babel Info: Making " an active character on input line 102.
))
("C:\Program Files (x86)\MiKTeX 2.9\tex\latex\microtype\microtype.sty"
Package: microtype 2013/05/23 v2.5a Micro-typographical refinements (RS)
\MT@toks=\toks18
\MT@count=\count91
LaTeX Info: Redefining \textls on input line 766.
\MT@outer@kern=\dimen112
LaTeX Info: Redefining \textmicrotypecontext on input line 1285.
\MT@listname@count=\count92

("C:\Program Files (x86)\MiKTeX 2.9\tex\latex\microtype\microtype-pdftex.def"
File: microtype-pdftex.def 2013/05/23 v2.5a Definitions specific to pdftex (RS)

LaTeX Info: Redefining \lsstyle on input line 915.
LaTeX Info: Redefining \lslig on input line 915.
\MT@outer@space=\skip43
)
Package microtype Info: Loading configuration file microtype.cfg.

("C:\Program Files (x86)\MiKTeX 2.9\tex\latex\microtype\microtype.cfg"
File: microtype.cfg 2013/05/23 v2.5a microtype main configuration file (RS)
))
("C:\Program Files (x86)\MiKTeX 2.9\tex\latex\graphics\color.sty"
Package: color 2005/11/14 v1.0j Standard LaTeX Color (DPC)

("C:\Program Files (x86)\MiKTeX 2.9\tex\latex\00miktex\color.cfg"
File: color.cfg 2007/01/18 v1.5 color configuration of teTeX/TeXLive
)
Package color Info: Driver file: pdftex.def on input line 130.

("C:\Program Files (x86)\MiKTeX 2.9\tex\latex\pdftex-def\pdftex.def"
File: pdftex.def 2011/05/27 v0.06d Graphics/color for pdfTeX

("C:\Program Files (x86)\MiKTeX 2.9\tex\generic\oberdiek\infwarerr.sty"
Package: infwarerr 2010/04/08 v1.3 Providing info/warning/error messages (HO)
)
("C:\Program Files (x86)\MiKTeX 2.9\tex\generic\oberdiek\ltxcmds.sty"
Package: ltxcmds 2011/11/09 v1.22 LaTeX kernel commands for general use (HO)
)
\Gread@gobject=\count93
))
("C:\Program Files (x86)\MiKTeX 2.9\tex\latex\pgf\frontendlayer\tikz.sty"
("C:\Program Files (x86)\MiKTeX 2.9\tex\latex\pgf\basiclayer\pgf.sty"
("C:\Program Files (x86)\MiKTeX 2.9\tex\latex\pgf\utilities\pgfrcs.sty"
("C:\Program Files (x86)\MiKTeX 2.9\tex\generic\pgf\utilities\pgfutil-common.te
x"
\pgfutil@everybye=\toks19
\pgfutil@tempdima=\dimen113
\pgfutil@tempdimb=\dimen114

("C:\Program Files (x86)\MiKTeX 2.9\tex\generic\pgf\utilities\pgfutil-common-li
sts.tex"))
("C:\Program Files (x86)\MiKTeX 2.9\tex\generic\pgf\utilities\pgfutil-latex.def
"
\pgfutil@abb=\box26
 ("C:\Program Files (x86)\MiKTeX 2.9\tex\latex\ms\everyshi.sty"
Package: everyshi 2001/05/15 v3.00 EveryShipout Package (MS)
))
("C:\Program Files (x86)\MiKTeX 2.9\tex\generic\pgf\utilities\pgfrcs.code.tex"
Package: pgfrcs 2013/12/20 v3.0.0 (rcs-revision 1.28)
))
Package: pgf 2013/12/18 v3.0.0 (rcs-revision 1.14)
 ("C:\Program Files (x86)\MiKTeX 2.9\tex\latex\pgf\basiclayer\pgfcore.sty"
("C:\Program Files (x86)\MiKTeX 2.9\tex\latex\graphics\graphicx.sty"
Package: graphicx 1999/02/16 v1.0f Enhanced LaTeX Graphics (DPC,SPQR)

("C:\Program Files (x86)\MiKTeX 2.9\tex\latex\graphics\graphics.sty"
Package: graphics 2009/02/05 v1.0o Standard LaTeX Graphics (DPC,SPQR)

("C:\Program Files (x86)\MiKTeX 2.9\tex\latex\graphics\trig.sty"
Package: trig 1999/03/16 v1.09 sin cos tan (DPC)
)
("C:\Program Files (x86)\MiKTeX 2.9\tex\latex\00miktex\graphics.cfg"
File: graphics.cfg 2007/01/18 v1.5 graphics configuration of teTeX/TeXLive
)
Package graphics Info: Driver file: pdftex.def on input line 91.
)
\Gin@req@height=\dimen115
\Gin@req@width=\dimen116
)
("C:\Program Files (x86)\MiKTeX 2.9\tex\latex\pgf\systemlayer\pgfsys.sty"
("C:\Program Files (x86)\MiKTeX 2.9\tex\generic\pgf\systemlayer\pgfsys.code.tex
"
Package: pgfsys 2013/11/30 v3.0.0 (rcs-revision 1.47)
 ("C:\Program Files (x86)\MiKTeX 2.9\tex\generic\pgf\utilities\pgfkeys.code.tex
"
\pgfkeys@pathtoks=\toks20
\pgfkeys@temptoks=\toks21

("C:\Program Files (x86)\MiKTeX 2.9\tex\generic\pgf\utilities\pgfkeysfiltered.c
ode.tex"
\pgfkeys@tmptoks=\toks22
))
\pgf@x=\dimen117
\pgf@y=\dimen118
\pgf@xa=\dimen119
\pgf@ya=\dimen120
\pgf@xb=\dimen121
\pgf@yb=\dimen122
\pgf@xc=\dimen123
\pgf@yc=\dimen124
\w@pgf@writea=\write3
\r@pgf@reada=\read1
\c@pgf@counta=\count94
\c@pgf@countb=\count95
\c@pgf@countc=\count96
\c@pgf@countd=\count97
\t@pgf@toka=\toks23
\t@pgf@tokb=\toks24
\t@pgf@tokc=\toks25

("C:\Program Files (x86)\MiKTeX 2.9\tex\generic\pgf\systemlayer\pgf.cfg"
File: pgf.cfg 2008/05/14  (rcs-revision 1.7)
)
Driver file for pgf: pgfsys-pdftex.def

("C:\Program Files (x86)\MiKTeX 2.9\tex\generic\pgf\systemlayer\pgfsys-pdftex.d
ef"
File: pgfsys-pdftex.def 2013/07/18  (rcs-revision 1.33)

("C:\Program Files (x86)\MiKTeX 2.9\tex\generic\pgf\systemlayer\pgfsys-common-p
df.def"
File: pgfsys-common-pdf.def 2013/10/10  (rcs-revision 1.13)
)))
("C:\Program Files (x86)\MiKTeX 2.9\tex\generic\pgf\systemlayer\pgfsyssoftpath.
code.tex"
File: pgfsyssoftpath.code.tex 2013/09/09  (rcs-revision 1.9)
\pgfsyssoftpath@smallbuffer@items=\count98
\pgfsyssoftpath@bigbuffer@items=\count99
)
("C:\Program Files (x86)\MiKTeX 2.9\tex\generic\pgf\systemlayer\pgfsysprotocol.
code.tex"
File: pgfsysprotocol.code.tex 2006/10/16  (rcs-revision 1.4)
)) ("C:\Program Files (x86)\MiKTeX 2.9\tex\latex\xcolor\xcolor.sty"
Package: xcolor 2007/01/21 v2.11 LaTeX color extensions (UK)

("C:\Program Files (x86)\MiKTeX 2.9\tex\latex\00miktex\color.cfg"
File: color.cfg 2007/01/18 v1.5 color configuration of teTeX/TeXLive
)
Package xcolor Info: Driver file: pdftex.def on input line 225.
LaTeX Info: Redefining \color on input line 702.
Package xcolor Info: Model `cmy' substituted by `cmy0' on input line 1337.
Package xcolor Info: Model `hsb' substituted by `rgb' on input line 1341.
Package xcolor Info: Model `RGB' extended on input line 1353.
Package xcolor Info: Model `HTML' substituted by `rgb' on input line 1355.
Package xcolor Info: Model `Hsb' substituted by `hsb' on input line 1356.
Package xcolor Info: Model `tHsb' substituted by `hsb' on input line 1357.
Package xcolor Info: Model `HSB' substituted by `hsb' on input line 1358.
Package xcolor Info: Model `Gray' substituted by `gray' on input line 1359.
Package xcolor Info: Model `wave' substituted by `hsb' on input line 1360.
)
("C:\Program Files (x86)\MiKTeX 2.9\tex\generic\pgf\basiclayer\pgfcore.code.tex
"
Package: pgfcore 2010/04/11 v3.0.0 (rcs-revision 1.7)
 ("C:\Program Files (x86)\MiKTeX 2.9\tex\generic\pgf\math\pgfmath.code.tex"
("C:\Program Files (x86)\MiKTeX 2.9\tex\generic\pgf\math\pgfmathcalc.code.tex"
("C:\Program Files (x86)\MiKTeX 2.9\tex\generic\pgf\math\pgfmathutil.code.tex")
("C:\Program Files (x86)\MiKTeX 2.9\tex\generic\pgf\math\pgfmathparser.code.tex
"
\pgfmath@dimen=\dimen125
\pgfmath@count=\count100
\pgfmath@box=\box27
\pgfmath@toks=\toks26
\pgfmath@stack@operand=\toks27
\pgfmath@stack@operation=\toks28
)
("C:\Program Files (x86)\MiKTeX 2.9\tex\generic\pgf\math\pgfmathfunctions.code.
tex"
("C:\Program Files (x86)\MiKTeX 2.9\tex\generic\pgf\math\pgfmathfunctions.basic
.code.tex")
("C:\Program Files (x86)\MiKTeX 2.9\tex\generic\pgf\math\pgfmathfunctions.trigo
nometric.code.tex")
("C:\Program Files (x86)\MiKTeX 2.9\tex\generic\pgf\math\pgfmathfunctions.rando
m.code.tex")
("C:\Program Files (x86)\MiKTeX 2.9\tex\generic\pgf\math\pgfmathfunctions.compa
rison.code.tex")
("C:\Program Files (x86)\MiKTeX 2.9\tex\generic\pgf\math\pgfmathfunctions.base.
code.tex")
("C:\Program Files (x86)\MiKTeX 2.9\tex\generic\pgf\math\pgfmathfunctions.round
.code.tex")
("C:\Program Files (x86)\MiKTeX 2.9\tex\generic\pgf\math\pgfmathfunctions.misc.
code.tex")
("C:\Program Files (x86)\MiKTeX 2.9\tex\generic\pgf\math\pgfmathfunctions.integ
erarithmetics.code.tex")))
("C:\Program Files (x86)\MiKTeX 2.9\tex\generic\pgf\math\pgfmathfloat.code.tex"
\c@pgfmathroundto@lastzeros=\count101
))
("C:\Program Files (x86)\MiKTeX 2.9\tex\generic\pgf\basiclayer\pgfcorepoints.co
de.tex"
File: pgfcorepoints.code.tex 2013/10/07  (rcs-revision 1.27)
\pgf@picminx=\dimen126
\pgf@picmaxx=\dimen127
\pgf@picminy=\dimen128
\pgf@picmaxy=\dimen129
\pgf@pathminx=\dimen130
\pgf@pathmaxx=\dimen131
\pgf@pathminy=\dimen132
\pgf@pathmaxy=\dimen133
\pgf@xx=\dimen134
\pgf@xy=\dimen135
\pgf@yx=\dimen136
\pgf@yy=\dimen137
\pgf@zx=\dimen138
\pgf@zy=\dimen139
LaTeX Font Info:    Try loading font information for OT1+antt on input line 926
.
 ("C:\Program Files (x86)\MiKTeX 2.9\tex\latex\antt\ot1antt.fd"
File: ot1antt.fd 2005/10/05 v1.2 font definition file for OT1/antt (MW)
))
("C:\Program Files (x86)\MiKTeX 2.9\tex\generic\pgf\basiclayer\pgfcorepathconst
ruct.code.tex"
File: pgfcorepathconstruct.code.tex 2013/10/07  (rcs-revision 1.29)
\pgf@path@lastx=\dimen140
\pgf@path@lasty=\dimen141
)
("C:\Program Files (x86)\MiKTeX 2.9\tex\generic\pgf\basiclayer\pgfcorepathusage
.code.tex"
File: pgfcorepathusage.code.tex 2013/12/13  (rcs-revision 1.23)
\pgf@shorten@end@additional=\dimen142
\pgf@shorten@start@additional=\dimen143
)
("C:\Program Files (x86)\MiKTeX 2.9\tex\generic\pgf\basiclayer\pgfcorescopes.co
de.tex"
File: pgfcorescopes.code.tex 2013/10/09  (rcs-revision 1.44)
\pgfpic=\box28
\pgf@hbox=\box29
\pgf@layerbox@main=\box30
\pgf@picture@serial@count=\count102
)
("C:\Program Files (x86)\MiKTeX 2.9\tex\generic\pgf\basiclayer\pgfcoregraphicst
ate.code.tex"
File: pgfcoregraphicstate.code.tex 2013/09/19  (rcs-revision 1.11)
\pgflinewidth=\dimen144
)
("C:\Program Files (x86)\MiKTeX 2.9\tex\generic\pgf\basiclayer\pgfcoretransform
ations.code.tex"
File: pgfcoretransformations.code.tex 2013/10/10  (rcs-revision 1.17)
\pgf@pt@x=\dimen145
\pgf@pt@y=\dimen146
\pgf@pt@temp=\dimen147
)
("C:\Program Files (x86)\MiKTeX 2.9\tex\generic\pgf\basiclayer\pgfcorequick.cod
e.tex"
File: pgfcorequick.code.tex 2008/10/09  (rcs-revision 1.3)
)
("C:\Program Files (x86)\MiKTeX 2.9\tex\generic\pgf\basiclayer\pgfcoreobjects.c
ode.tex"
File: pgfcoreobjects.code.tex 2006/10/11  (rcs-revision 1.2)
)
("C:\Program Files (x86)\MiKTeX 2.9\tex\generic\pgf\basiclayer\pgfcorepathproce
ssing.code.tex"
File: pgfcorepathprocessing.code.tex 2013/09/09  (rcs-revision 1.9)
)
("C:\Program Files (x86)\MiKTeX 2.9\tex\generic\pgf\basiclayer\pgfcorearrows.co
de.tex"
File: pgfcorearrows.code.tex 2013/11/07  (rcs-revision 1.40)
\pgfarrowsep=\dimen148
)
("C:\Program Files (x86)\MiKTeX 2.9\tex\generic\pgf\basiclayer\pgfcoreshade.cod
e.tex"
File: pgfcoreshade.code.tex 2013/07/15  (rcs-revision 1.15)
\pgf@max=\dimen149
\pgf@sys@shading@range@num=\count103
)
("C:\Program Files (x86)\MiKTeX 2.9\tex\generic\pgf\basiclayer\pgfcoreimage.cod
e.tex"
File: pgfcoreimage.code.tex 2013/07/15  (rcs-revision 1.18)

("C:\Program Files (x86)\MiKTeX 2.9\tex\generic\pgf\basiclayer\pgfcoreexternal.
code.tex"
File: pgfcoreexternal.code.tex 2013/07/15  (rcs-revision 1.20)
\pgfexternal@startupbox=\box31
))
("C:\Program Files (x86)\MiKTeX 2.9\tex\generic\pgf\basiclayer\pgfcorelayers.co
de.tex"
File: pgfcorelayers.code.tex 2013/07/18  (rcs-revision 1.7)
)
("C:\Program Files (x86)\MiKTeX 2.9\tex\generic\pgf\basiclayer\pgfcoretranspare
ncy.code.tex"
File: pgfcoretransparency.code.tex 2013/09/30  (rcs-revision 1.5)
)
("C:\Program Files (x86)\MiKTeX 2.9\tex\generic\pgf\basiclayer\pgfcorepatterns.
code.tex"
File: pgfcorepatterns.code.tex 2013/11/07  (rcs-revision 1.5)
)))
("C:\Program Files (x86)\MiKTeX 2.9\tex\generic\pgf\modules\pgfmoduleshapes.cod
e.tex"
File: pgfmoduleshapes.code.tex 2013/10/31  (rcs-revision 1.34)
\pgfnodeparttextbox=\box32
)
("C:\Program Files (x86)\MiKTeX 2.9\tex\generic\pgf\modules\pgfmoduleplot.code.
tex"
File: pgfmoduleplot.code.tex 2013/07/31  (rcs-revision 1.12)
)
("C:\Program Files (x86)\MiKTeX 2.9\tex\latex\pgf\compatibility\pgfcomp-version
-0-65.sty"
Package: pgfcomp-version-0-65 2007/07/03 v3.0.0 (rcs-revision 1.7)
\pgf@nodesepstart=\dimen150
\pgf@nodesepend=\dimen151
)
("C:\Program Files (x86)\MiKTeX 2.9\tex\latex\pgf\compatibility\pgfcomp-version
-1-18.sty"
Package: pgfcomp-version-1-18 2007/07/23 v3.0.0 (rcs-revision 1.1)
))
("C:\Program Files (x86)\MiKTeX 2.9\tex\latex\pgf\utilities\pgffor.sty"
("C:\Program Files (x86)\MiKTeX 2.9\tex\latex\pgf\utilities\pgfkeys.sty"
("C:\Program Files (x86)\MiKTeX 2.9\tex\generic\pgf\utilities\pgfkeys.code.tex"
)) ("C:\Program Files (x86)\MiKTeX 2.9\tex\latex\pgf\math\pgfmath.sty"
("C:\Program Files (x86)\MiKTeX 2.9\tex\generic\pgf\math\pgfmath.code.tex"))
("C:\Program Files (x86)\MiKTeX 2.9\tex\generic\pgf\utilities\pgffor.code.tex"
Package: pgffor 2013/12/13 v3.0.0 (rcs-revision 1.25)

("C:\Program Files (x86)\MiKTeX 2.9\tex\generic\pgf\math\pgfmath.code.tex")
\pgffor@iter=\dimen152
\pgffor@skip=\dimen153
\pgffor@stack=\toks29
\pgffor@toks=\toks30
))
("C:\Program Files (x86)\MiKTeX 2.9\tex\generic\pgf\frontendlayer\tikz\tikz.cod
e.tex"
Package: tikz 2013/12/13 v3.0.0 (rcs-revision 1.142)

("C:\Program Files (x86)\MiKTeX 2.9\tex\generic\pgf\libraries\pgflibraryplothan
dlers.code.tex"
File: pgflibraryplothandlers.code.tex 2013/08/31 v3.0.0 (rcs-revision 1.20)
\pgf@plot@mark@count=\count104
\pgfplotmarksize=\dimen154
)
\tikz@lastx=\dimen155
\tikz@lasty=\dimen156
\tikz@lastxsaved=\dimen157
\tikz@lastysaved=\dimen158
\tikzleveldistance=\dimen159
\tikzsiblingdistance=\dimen160
\tikz@figbox=\box33
\tikz@figbox@bg=\box34
\tikz@tempbox=\box35
\tikz@tempbox@bg=\box36
\tikztreelevel=\count105
\tikznumberofchildren=\count106
\tikznumberofcurrentchild=\count107
\tikz@fig@count=\count108

("C:\Program Files (x86)\MiKTeX 2.9\tex\generic\pgf\modules\pgfmodulematrix.cod
e.tex"
File: pgfmodulematrix.code.tex 2013/09/17  (rcs-revision 1.8)
\pgfmatrixcurrentrow=\count109
\pgfmatrixcurrentcolumn=\count110
\pgf@matrix@numberofcolumns=\count111
)
\tikz@expandcount=\count112

("C:\Program Files (x86)\MiKTeX 2.9\tex\generic\pgf\frontendlayer\tikz\librarie
s\tikzlibrarytopaths.code.tex"
File: tikzlibrarytopaths.code.tex 2008/06/17 v3.0.0 (rcs-revision 1.2)
)))
("C:\Program Files (x86)\MiKTeX 2.9\tex\generic\pgf\frontendlayer\tikz\librarie
s\tikzlibrarypatterns.code.tex"
File: tikzlibrarypatterns.code.tex 2008/01/15 v3.0.0 (rcs-revision 1.2)

("C:\Program Files (x86)\MiKTeX 2.9\tex\generic\pgf\libraries\pgflibrarypattern
s.code.tex"
File: pgflibrarypatterns.code.tex 2008/03/03 v3.0.0 (rcs-revision 1.13)
))
("C:\Program Files (x86)\MiKTeX 2.9\tex\generic\pgf\frontendlayer\tikz\librarie
s\tikzlibraryshadows.code.tex"
File: tikzlibraryshadows.code.tex 2008/01/13 v3.0.0 (rcs-revision 1.3)

("C:\Program Files (x86)\MiKTeX 2.9\tex\generic\pgf\frontendlayer\tikz\librarie
s\tikzlibraryfadings.code.tex"
File: tikzlibraryfadings.code.tex 2009/11/15 v3.0.0 (rcs-revision 1.2)

("C:\Program Files (x86)\MiKTeX 2.9\tex\generic\pgf\libraries\pgflibraryfadings
.code.tex"
File: pgflibraryfadings.code.tex 2008/02/07 v3.0.0 (rcs-revision 1.3)
)))
("C:\Program Files (x86)\MiKTeX 2.9\tex\generic\pgf\frontendlayer\tikz\librarie
s\tikzlibraryshapes.code.tex"
File: tikzlibraryshapes.code.tex 2008/01/09 v3.0.0 (rcs-revision 1.1)

("C:\Program Files (x86)\MiKTeX 2.9\tex\generic\pgf\frontendlayer\tikz\librarie
s\tikzlibraryshapes.geometric.code.tex"
File: tikzlibraryshapes.geometric.code.tex 2008/01/09 v3.0.0 (rcs-revision 1.1)


("C:\Program Files (x86)\MiKTeX 2.9\tex\generic\pgf\libraries\shapes\pgflibrary
shapes.geometric.code.tex"
File: pgflibraryshapes.geometric.code.tex 2008/06/26 v3.0.0 (rcs-revision 1.1)
))
("C:\Program Files (x86)\MiKTeX 2.9\tex\generic\pgf\frontendlayer\tikz\librarie
s\tikzlibraryshapes.misc.code.tex"
File: tikzlibraryshapes.misc.code.tex 2008/01/09 v3.0.0 (rcs-revision 1.1)

("C:\Program Files (x86)\MiKTeX 2.9\tex\generic\pgf\libraries\shapes\pgflibrary
shapes.misc.code.tex"
File: pgflibraryshapes.misc.code.tex 2013/07/18 v3.0.0 (rcs-revision 1.5)
))
("C:\Program Files (x86)\MiKTeX 2.9\tex\generic\pgf\frontendlayer\tikz\librarie
s\tikzlibraryshapes.symbols.code.tex"
File: tikzlibraryshapes.symbols.code.tex 2008/01/09 v3.0.0 (rcs-revision 1.1)

("C:\Program Files (x86)\MiKTeX 2.9\tex\generic\pgf\libraries\shapes\pgflibrary
shapes.symbols.code.tex"
File: pgflibraryshapes.symbols.code.tex 2013/09/11 v3.0.0 (rcs-revision 1.6)
))
("C:\Program Files (x86)\MiKTeX 2.9\tex\generic\pgf\frontendlayer\tikz\librarie
s\tikzlibraryshapes.arrows.code.tex"
File: tikzlibraryshapes.arrows.code.tex 2008/01/09 v3.0.0 (rcs-revision 1.1)

("C:\Program Files (x86)\MiKTeX 2.9\tex\generic\pgf\libraries\shapes\pgflibrary
shapes.arrows.code.tex"
File: pgflibraryshapes.arrows.code.tex 2008/06/26 v3.0.0 (rcs-revision 1.1)
))
("C:\Program Files (x86)\MiKTeX 2.9\tex\generic\pgf\frontendlayer\tikz\librarie
s\tikzlibraryshapes.callouts.code.tex"
("C:\Program Files (x86)\MiKTeX 2.9\tex\generic\pgf\libraries\shapes\pgflibrary
shapes.callouts.code.tex"))
("C:\Program Files (x86)\MiKTeX 2.9\tex\generic\pgf\frontendlayer\tikz\librarie
s\tikzlibraryshapes.multipart.code.tex"
File: tikzlibraryshapes.multipart.code.tex 2008/01/09 v3.0.0 (rcs-revision 1.1)


("C:\Program Files (x86)\MiKTeX 2.9\tex\generic\pgf\libraries\shapes\pgflibrary
shapes.multipart.code.tex"
File: pgflibraryshapes.multipart.code.tex 2010/01/07 v3.0.0 (rcs-revision 1.2)
\pgfnodepartlowerbox=\box37
\pgfnodeparttwobox=\box38
\pgfnodepartthreebox=\box39
\pgfnodepartfourbox=\box40
\pgfnodeparttwentybox=\box41
\pgfnodepartnineteenbox=\box42
\pgfnodeparteighteenbox=\box43
\pgfnodepartseventeenbox=\box44
\pgfnodepartsixteenbox=\box45
\pgfnodepartfifteenbox=\box46
\pgfnodepartfourteenbox=\box47
\pgfnodepartthirteenbox=\box48
\pgfnodeparttwelvebox=\box49
\pgfnodepartelevenbox=\box50
\pgfnodeparttenbox=\box51
\pgfnodepartninebox=\box52
\pgfnodeparteightbox=\box53
\pgfnodepartsevenbox=\box54
\pgfnodepartsixbox=\box55
\pgfnodepartfivebox=\box56
)))
("C:\Program Files (x86)\MiKTeX 2.9\tex\generic\pgf\frontendlayer\tikz\librarie
s\tikzlibrarysnakes.code.tex"
File: tikzlibrarysnakes.code.tex 2013/07/15 v3.0.0 (rcs-revision 1.7)


Package pgf Warning: Snakes have been superseded by decorations. Please use the
 decoration libraries instead of the snakes library on input line 14.


("C:\Program Files (x86)\MiKTeX 2.9\tex\generic\pgf\frontendlayer\tikz\librarie
s\tikzlibrarydecorations.pathmorphing.code.tex"
("C:\Program Files (x86)\MiKTeX 2.9\tex\generic\pgf\frontendlayer\tikz\librarie
s\tikzlibrarydecorations.code.tex"
("C:\Program Files (x86)\MiKTeX 2.9\tex\generic\pgf\modules\pgfmoduledecoration
s.code.tex"
\pgfdecoratedcompleteddistance=\dimen161
\pgfdecoratedremainingdistance=\dimen162
\pgfdecoratedinputsegmentcompleteddistance=\dimen163
\pgfdecoratedinputsegmentremainingdistance=\dimen164
\pgf@decorate@distancetomove=\dimen165
\pgf@decorate@repeatstate=\count113
\pgfdecorationsegmentamplitude=\dimen166
\pgfdecorationsegmentlength=\dimen167
)
\tikz@lib@dec@box=\box57
)
("C:\Program Files (x86)\MiKTeX 2.9\tex\generic\pgf\libraries\decorations\pgfli
brarydecorations.pathmorphing.code.tex"))
("C:\Program Files (x86)\MiKTeX 2.9\tex\generic\pgf\frontendlayer\tikz\librarie
s\tikzlibrarydecorations.pathreplacing.code.tex"
("C:\Program Files (x86)\MiKTeX 2.9\tex\generic\pgf\libraries\decorations\pgfli
brarydecorations.pathreplacing.code.tex"))
("C:\Program Files (x86)\MiKTeX 2.9\tex\generic\pgf\frontendlayer\tikz\librarie
s\tikzlibrarydecorations.shapes.code.tex"
("C:\Program Files (x86)\MiKTeX 2.9\tex\generic\pgf\libraries\decorations\pgfli
brarydecorations.shapes.code.tex")))
("C:\Program Files (x86)\MiKTeX 2.9\tex\latex\psnfss\pifont.sty"
Package: pifont 2005/04/12 PSNFSS-v9.2a Pi font support (SPQR) 
LaTeX Font Info:    Try loading font information for U+pzd on input line 63.

("C:\Program Files (x86)\MiKTeX 2.9\tex\latex\psnfss\upzd.fd"
File: upzd.fd 2001/06/04 font definitions for U/pzd.
)
LaTeX Font Info:    Try loading font information for U+psy on input line 64.

("C:\Program Files (x86)\MiKTeX 2.9\tex\latex\psnfss\upsy.fd"
File: upsy.fd 2001/06/04 font definitions for U/psy.
))
("C:\Program Files (x86)\MiKTeX 2.9\tex\latex\fourier\fourier-orns.sty"
Package: fourier-orns 2004/01/30 1.1 fourier-ornaments package
)
("C:\Program Files (x86)\MiKTeX 2.9\tex\latex\dejavu\DejaVuSansMono.sty"
Package: DejaVuSansMono 2011/06/01 Style file for DejaVuSansMono.
)
("C:\Program Files (x86)\MiKTeX 2.9\tex\latex\base\fontenc.sty"
Package: fontenc 2005/09/27 v1.99g Standard LaTeX package

("C:\Program Files (x86)\MiKTeX 2.9\tex\latex\base\t1enc.def"
File: t1enc.def 2005/09/27 v1.99g Standard LaTeX file
LaTeX Font Info:    Redeclaring font encoding T1 on input line 43.
)
LaTeX Font Info:    Try loading font information for T1+antt on input line 100.


("C:\Program Files (x86)\MiKTeX 2.9\tex\latex\antt\t1antt.fd"
File: t1antt.fd 2005/10/05 v1.2 font definition file for T1/antt (MW)
))
("C:\Program Files (x86)\MiKTeX 2.9\tex\latex\shadowtext\shadowtext.sty"
Package: shadowtext 2012/05/07 v0.3 Shadow Text
\st@shadowoffsetx=\skip44
\st@shadowoffsety=\skip45
\st@temp@width=\skip46
\st@temp@height=\skip47
\st@pic@width=\skip48
\st@pic@height=\skip49
)
("C:\Program Files (x86)\MiKTeX 2.9\tex\latex\setspace\setspace.sty"
Package: setspace 2011/12/19 v6.7a set line spacing
))
("C:\Program Files (x86)\MiKTeX 2.9\tex\latex\mwe\mwe.sty"
Package: mwe 2012/05/15 v0.3 Package to support minimal working examples (MWE)

("C:\Program Files (x86)\MiKTeX 2.9\tex\latex\lipsum\lipsum.sty"
Package: lipsum 2014/07/27 v1.3 150 paragraphs of Lorem Ipsum dummy text
\c@lips@count=\count114
)
("C:\Program Files (x86)\MiKTeX 2.9\tex\latex\blindtext\blindtext.sty"
Package: blindtext 2012/01/06 V2.0 blindtext-Package

("C:\Program Files (x86)\MiKTeX 2.9\tex\latex\tools\xspace.sty"
Package: xspace 2009/10/20 v1.13 Space after command names (DPC,MH)
)
\c@blindtext=\count115
\c@Blindtext=\count116
\c@blind@countparstart=\count117
\blind@countxx=\count118
\blindtext@numBlindtext=\count119
\blind@countyy=\count120
\c@blindlist=\count121
\c@blindlistlevel=\count122
\c@blindlist@level=\count123
\blind@listitem=\count124
\c@blind@listcount=\count125
\c@blind@levelcount=\count126
\blind@mathformula=\count127
\blind@Mathformula=\count128
\c@blind@randomcount=\count129
\c@blind@randommax=\count130
\c@blind@pangramcount=\count131
\c@blind@pangrammax=\count132
))
(C:\Users\kriley\Desktop\draftRepo\colors.tex)
(C:\Users\kriley\Desktop\draftRepo\tikzcardsBare.tex)
(C:\Users\kriley\Desktop\draftRepo\bareCards.aux)
LaTeX Font Info:    Checking defaults for OML/cmm/m/it on input line 22.
LaTeX Font Info:    ... okay on input line 22.
LaTeX Font Info:    Checking defaults for T1/cmr/m/n on input line 22.
LaTeX Font Info:    ... okay on input line 22.
LaTeX Font Info:    Checking defaults for OT1/cmr/m/n on input line 22.
LaTeX Font Info:    ... okay on input line 22.
LaTeX Font Info:    Checking defaults for OMS/cmsy/m/n on input line 22.
LaTeX Font Info:    ... okay on input line 22.
LaTeX Font Info:    Checking defaults for OMX/cmex/m/n on input line 22.
LaTeX Font Info:    ... okay on input line 22.
LaTeX Font Info:    Checking defaults for U/cmr/m/n on input line 22.
LaTeX Font Info:    ... okay on input line 22.
LaTeX Font Info:    Try loading font information for T1+DejaVuSansMono-TLF on i
nput line 22.

("C:\Program Files (x86)\MiKTeX 2.9\tex\latex\dejavu\t1dejavusansmono-tlf.fd"
File: T1DejaVuSansMono-TLF.fd 2011/06/01 Font definitions for T1/DejaVuSansMono
-TLF.
)
*geometry* driver: auto-detecting
*geometry* detected driver: pdftex
*geometry* verbose mode - [ preamble ] result:
* driver: pdftex
* paper: <default>
* layout: <same size as paper>
* layoutoffset:(h,v)=(0.0pt,0.0pt)
* modes: 
* h-part:(L,W,R)=(17.07164pt, 580.15172pt, 17.07164pt)
* v-part:(T,H,B)=(14.22636pt, 763.67198pt, 17.07164pt)
* \paperwidth=614.295pt
* \paperheight=794.96999pt
* \textwidth=580.15172pt
* \textheight=763.67198pt
* \oddsidemargin=-55.19835pt
* \evensidemargin=-55.19835pt
* \topmargin=-95.04362pt
* \headheight=12.0pt
* \headsep=25.0pt
* \topskip=10.0pt
* \footskip=30.0pt
* \marginparwidth=65.0pt
* \marginparsep=11.0pt
* \columnsep=10.0pt
* \skip\footins=9.0pt plus 4.0pt minus 2.0pt
* \hoffset=0.0pt
* \voffset=0.0pt
* \mag=1000
* \@twocolumnfalse
* \@twosidefalse
* \@mparswitchfalse
* \@reversemarginfalse
* (1in=72.27pt=25.4mm, 1cm=28.453pt)

LaTeX Info: Redefining \microtypecontext on input line 22.
Package microtype Info: Generating PDF output.
Package microtype Info: Character protrusion enabled (level 2).
Package microtype Info: Using default protrusion set `alltext'.
Package microtype Info: Automatic font expansion enabled (level 2),
(microtype)             stretch: 20, shrink: 20, step: 1, non-selected.
Package microtype Info: Using default expansion set `basictext'.
Package microtype Info: No adjustment of tracking.
Package microtype Info: No adjustment of interword spacing.
Package microtype Info: No adjustment of character kerning.
Package microtype Info: Loading generic settings for font family
(microtype)             `DejaVuSansMono-TLF' (encoding: T1).
(microtype)             For optimal results, create family-specific settings.
(microtype)             See the microtype manual for details.
("C:\Program Files (x86)\MiKTeX 2.9\tex\context\base\supp-pdf.mkii"
[Loading MPS to PDF converter (version 2006.09.02).]
\scratchcounter=\count133
\scratchdimen=\dimen168
\scratchbox=\box58
\nofMPsegments=\count134
\nofMParguments=\count135
\everyMPshowfont=\toks31
\MPscratchCnt=\count136
\MPscratchDim=\dimen169
\MPnumerator=\count137
\makeMPintoPDFobject=\count138
\everyMPtoPDFconversion=\toks32
) ABD: EveryShipout initializing macros
("C:\Program Files (x86)\MiKTeX 2.9\tex\latex\microtype\mt-cmr.cfg"
File: mt-cmr.cfg 2013/05/19 v2.2 microtype config. file: Computer Modern Roman 
(RS)
)
LaTeX Font Info:    External font `cmex10' loaded for size
(Font)              <7> on input line 26.
LaTeX Font Info:    External font `cmex10' loaded for size
(Font)              <5> on input line 26.
Package microtype Info: Loading generic settings for font family
(microtype)             `antt' (encoding: T1).
(microtype)             For optimal results, create family-specific settings.
(microtype)             See the microtype manual for details.

<vp.png, id=28, 513.92pt x 513.92pt>
File: vp.png Graphic file (type png)
 <use vp.png>
Package pdftex.def Info: vp.png used on input line 28.
(pdftex.def)             Requested size: 17.07155pt x 17.07182pt.

<Melee.png, id=30, 513.92pt x 513.92pt>
File: Melee.png Graphic file (type png)
 <use Melee.png>
Package pdftex.def Info: Melee.png used on input line 28.
(pdftex.def)             Requested size: 17.07155pt x 17.07182pt.

<melee.png, id=31, 513.92pt x 513.92pt>
File: melee.png Graphic file (type png)
 <use melee.png>
Package pdftex.def Info: melee.png used on input line 29.
(pdftex.def)             Requested size: 71.12491pt x 71.13188pt.
File: vp.png Graphic file (type png)
 <use vp.png>
Package pdftex.def Info: vp.png used on input line 30.
(pdftex.def)             Requested size: 17.07155pt x 17.07182pt.

<Vision.png, id=32, 256.96pt x 256.96pt>
File: Vision.png Graphic file (type png)
 <use Vision.png>
Package pdftex.def Info: Vision.png used on input line 32.
(pdftex.def)             Requested size: 42.67886pt x 42.67912pt.

<Push.png, id=33, 513.92pt x 513.92pt>
File: Push.png Graphic file (type png)
 <use Push.png>
Package pdftex.def Info: Push.png used on input line 32.
(pdftex.def)             Requested size: 42.67494pt x 42.67912pt.

<notRoam.png, id=34, 385.44pt x 385.44pt>
File: notRoam.png Graphic file (type png)
 <use notRoam.png>
Package pdftex.def Info: notRoam.png used on input line 32.
(pdftex.def)             Requested size: 42.67494pt x 42.67912pt.

<ranged.png, id=35, 513.92pt x 513.92pt>
File: ranged.png Graphic file (type png)
 <use ranged.png>
Package pdftex.def Info: ranged.png used on input line 40.
(pdftex.def)             Requested size: 71.12491pt x 71.13188pt.
File: vp.png Graphic file (type png)
 <use vp.png>
Package pdftex.def Info: vp.png used on input line 41.
(pdftex.def)             Requested size: 17.07155pt x 17.07182pt.
File: Vision.png Graphic file (type png)

<use Vision.png>
Package pdftex.def Info: Vision.png used on input line 43.
(pdftex.def)             Requested size: 42.67886pt x 42.67912pt.
File: Push.png Graphic file (type png)
 <use Push.png>
Package pdftex.def Info: Push.png used on input line 43.
(pdftex.def)             Requested size: 42.67494pt x 42.67912pt.
 <Roam.png, id=36, 513.92pt x 513.92pt>
File: Roam.png Graphic file (type png)

<use Roam.png>
Package pdftex.def Info: Roam.png used on input line 43.
(pdftex.def)             Requested size: 42.67494pt x 42.67912pt.
File: vp.png Graphic file (type png)
 <use vp.png>
Package pdftex.def Info: vp.png used on input line 50.
(pdftex.def)             Requested size: 17.07155pt x 17.07182pt.
File: Melee.png Graphic file (type png)
 <use Melee.png>
Package pdftex.def Info: Melee.png used on input line 50.
(pdftex.def)             Requested size: 17.07155pt x 17.07182pt.
File: ranged.png Graphic file (type png)
 <use ranged.png>
Package pdftex.def Info: ranged.png used on input line 51.
(pdftex.def)             Requested size: 71.12491pt x 71.13188pt.
File: vp.png Graphic file (type png)
 <use vp.png>
Package pdftex.def Info: vp.png used on input line 52.
(pdftex.def)             Requested size: 17.07155pt x 17.07182pt.
File: Vision.png Graphic file (type png)

<use Vision.png>
Package pdftex.def Info: Vision.png used on input line 54.
(pdftex.def)             Requested size: 42.67886pt x 42.67912pt.
 <notPush.png, id=37, 385.44pt x 385.44pt>
File: notPush.png Graphic file (type png)
 <use notPush.png>
Package pdftex.def Info: notPush.png used on input line 54.
(pdftex.def)             Requested size: 42.67494pt x 42.67912pt.
File: notRoam.png Graphic file (type png)

<use notRoam.png>
Package pdftex.def Info: notRoam.png used on input line 54.
(pdftex.def)             Requested size: 42.67494pt x 42.67912pt.
File: vp.png Graphic file (type png)
 <use vp.png>
Package pdftex.def Info: vp.png used on input line 61.
(pdftex.def)             Requested size: 17.07155pt x 17.07182pt.
File: Push.png Graphic file (type png)
 <use Push.png>
Package pdftex.def Info: Push.png used on input line 61.
(pdftex.def)             Requested size: 17.07155pt x 17.07182pt.
File: ranged.png Graphic file (type png)
 <use ranged.png>
Package pdftex.def Info: ranged.png used on input line 62.
(pdftex.def)             Requested size: 71.12491pt x 71.13188pt.
File: vp.png Graphic file (type png)
 <use vp.png>
Package pdftex.def Info: vp.png used on input line 63.
(pdftex.def)             Requested size: 17.07155pt x 17.07182pt.

<notVision.png, id=38, 385.44pt x 385.44pt>
File: notVision.png Graphic file (type png)
 <use notVision.png>
Package pdftex.def Info: notVision.png used on input line 65.
(pdftex.def)             Requested size: 42.67494pt x 42.67912pt.
File: Push.png Graphic file (type png)
 <use Push.png>
Package pdftex.def Info: Push.png used on input line 65.
(pdftex.def)             Requested size: 42.67494pt x 42.67912pt.
File: notRoam.png Graphic file (type png)

<use notRoam.png>
Package pdftex.def Info: notRoam.png used on input line 65.
(pdftex.def)             Requested size: 42.67494pt x 42.67912pt.
File: ranged.png Graphic file (type png)
 <use ranged.png>
Package pdftex.def Info: ranged.png used on input line 73.
(pdftex.def)             Requested size: 71.12491pt x 71.13188pt.
File: vp.png Graphic file (type png)
 <use vp.png>
Package pdftex.def Info: vp.png used on input line 74.
(pdftex.def)             Requested size: 17.07155pt x 17.07182pt.
File: notVision.png Graphic file (type png)
 <use notVision.png>
Package pdftex.def Info: notVision.png used on input line 76.
(pdftex.def)             Requested size: 42.67494pt x 42.67912pt.
File: notPush.png Graphic file (type png)

<use notPush.png>
Package pdftex.def Info: notPush.png used on input line 76.
(pdftex.def)             Requested size: 42.67494pt x 42.67912pt.
File: notRoam.png Graphic file (type png)
 <use notRoam.png>
Package pdftex.def Info: notRoam.png used on input line 76.
(pdftex.def)             Requested size: 42.67494pt x 42.67912pt.
File: vp.png Graphic file (type png)
 <use vp.png>
Package pdftex.def Info: vp.png used on input line 83.
(pdftex.def)             Requested size: 17.07155pt x 17.07182pt.
File: Roam.png Graphic file (type png)
 <use Roam.png>
Package pdftex.def Info: Roam.png used on input line 83.
(pdftex.def)             Requested size: 17.07155pt x 17.07182pt.
File: melee.png Graphic file (type png)

<use melee.png>
Package pdftex.def Info: melee.png used on input line 84.
(pdftex.def)             Requested size: 71.12491pt x 71.13188pt.
File: vp.png Graphic file (type png)
 <use vp.png>
Package pdftex.def Info: vp.png used on input line 85.
(pdftex.def)             Requested size: 17.07155pt x 17.07182pt.
File: notVision.png Graphic file (type png)
 <use notVision.png>
Package pdftex.def Info: notVision.png used on input line 87.
(pdftex.def)             Requested size: 42.67494pt x 42.67912pt.
File: notPush.png Graphic file (type png)
 <use notPush.png>
Package pdftex.def Info: notPush.png used on input line 87.
(pdftex.def)             Requested size: 42.67494pt x 42.67912pt.
File: notRoam.png Graphic file (type png)

<use notRoam.png>
Package pdftex.def Info: notRoam.png used on input line 87.
(pdftex.def)             Requested size: 42.67494pt x 42.67912pt.
File: vp.png Graphic file (type png)
 <use vp.png>
Package pdftex.def Info: vp.png used on input line 94.
(pdftex.def)             Requested size: 17.07155pt x 17.07182pt.
File: Vision.png Graphic file (type png)
 <use Vision.png>
Package pdftex.def Info: Vision.png used on input line 94.
(pdftex.def)             Requested size: 17.07155pt x 17.07182pt.
File: melee.png Graphic file (type png)
 <use melee.png>
Package pdftex.def Info: melee.png used on input line 95.
(pdftex.def)             Requested size: 71.12491pt x 71.13188pt.
File: vp.png Graphic file (type png)
 <use vp.png>
Package pdftex.def Info: vp.png used on input line 96.
(pdftex.def)             Requested size: 17.07155pt x 17.07182pt.
File: notVision.png Graphic file (type png)

<use notVision.png>
Package pdftex.def Info: notVision.png used on input line 98.
(pdftex.def)             Requested size: 42.67494pt x 42.67912pt.
File: Push.png Graphic file (type png)
 <use Push.png>
Package pdftex.def Info: Push.png used on input line 98.
(pdftex.def)             Requested size: 42.67494pt x 42.67912pt.
File: Roam.png Graphic file (type png)
 <use Roam.png>
Package pdftex.def Info: Roam.png used on input line 98.
(pdftex.def)             Requested size: 42.67494pt x 42.67912pt.
File: vp.png Graphic file (type png)
 <use vp.png>
Package pdftex.def Info: vp.png used on input line 105.
(pdftex.def)             Requested size: 17.07155pt x 17.07182pt.
File: Vision.png Graphic file (type png)

<use Vision.png>
Package pdftex.def Info: Vision.png used on input line 105.
(pdftex.def)             Requested size: 17.07155pt x 17.07182pt.
File: ranged.png Graphic file (type png)
 <use ranged.png>
Package pdftex.def Info: ranged.png used on input line 106.
(pdftex.def)             Requested size: 71.12491pt x 71.13188pt.
File: vp.png Graphic file (type png)
 <use vp.png>
Package pdftex.def Info: vp.png used on input line 107.
(pdftex.def)             Requested size: 17.07155pt x 17.07182pt.
File: Vision.png Graphic file (type png)
 <use Vision.png>
Package pdftex.def Info: Vision.png used on input line 109.
(pdftex.def)             Requested size: 42.67886pt x 42.67912pt.
File: Push.png Graphic file (type png)
 <use Push.png>
Package pdftex.def Info: Push.png used on input line 109.
(pdftex.def)             Requested size: 42.67494pt x 42.67912pt.
File: notRoam.png Graphic file (type png)

<use notRoam.png>
Package pdftex.def Info: notRoam.png used on input line 109.
(pdftex.def)             Requested size: 42.67494pt x 42.67912pt.
File: Vision.png Graphic file (type png)
 <use Vision.png>
Package pdftex.def Info: Vision.png used on input line 116.
(pdftex.def)             Requested size: 17.07155pt x 17.07182pt.
File: ranged.png Graphic file (type png)
 <use ranged.png>
Package pdftex.def Info: ranged.png used on input line 117.
(pdftex.def)             Requested size: 71.12491pt x 71.13188pt.
File: vp.png Graphic file (type png)
 <use vp.png>
Package pdftex.def Info: vp.png used on input line 118.
(pdftex.def)             Requested size: 17.07155pt x 17.07182pt.
File: Vision.png Graphic file (type png)

<use Vision.png>
Package pdftex.def Info: Vision.png used on input line 120.
(pdftex.def)             Requested size: 42.67886pt x 42.67912pt.
File: notPush.png Graphic file (type png)
 <use notPush.png>
Package pdftex.def Info: notPush.png used on input line 120.
(pdftex.def)             Requested size: 42.67494pt x 42.67912pt.
File: notRoam.png Graphic file (type png)
 <use notRoam.png>
Package pdftex.def Info: notRoam.png used on input line 120.
(pdftex.def)             Requested size: 42.67494pt x 42.67912pt.
File: vp.png Graphic file (type png)
 <use vp.png>
Package pdftex.def Info: vp.png used on input line 127.
(pdftex.def)             Requested size: 17.07155pt x 17.07182pt.
File: ranged.png Graphic file (type png)

<use ranged.png>
Package pdftex.def Info: ranged.png used on input line 128.
(pdftex.def)             Requested size: 71.12491pt x 71.13188pt.
File: vp.png Graphic file (type png)
 <use vp.png>
Package pdftex.def Info: vp.png used on input line 129.
(pdftex.def)             Requested size: 17.07155pt x 17.07182pt.
File: notVision.png Graphic file (type png)
 <use notVision.png>
Package pdftex.def Info: notVision.png used on input line 131.
(pdftex.def)             Requested size: 42.67494pt x 42.67912pt.
File: notPush.png Graphic file (type png)
 <use notPush.png>
Package pdftex.def Info: notPush.png used on input line 131.
(pdftex.def)             Requested size: 42.67494pt x 42.67912pt.
File: Roam.png Graphic file (type png)

<use Roam.png>
Package pdftex.def Info: Roam.png used on input line 131.
(pdftex.def)             Requested size: 42.67494pt x 42.67912pt.
File: Vision.png Graphic file (type png)
 <use Vision.png>
Package pdftex.def Info: Vision.png used on input line 138.
(pdftex.def)             Requested size: 17.07155pt x 17.07182pt.
 <objective.png, id=39, 513.92pt x 513.92pt>
File: objective.png Graphic file (type png)

<use objective.png>
Package pdftex.def Info: objective.png used on input line 139.
(pdftex.def)             Requested size: 71.12491pt x 71.13188pt.
File: Roam.png Graphic file (type png)
 <use Roam.png>
Package pdftex.def Info: Roam.png used on input line 147.
(pdftex.def)             Requested size: 17.07155pt x 17.07182pt.
File: objective.png Graphic file (type png)
 <use objective.png>
Package pdftex.def Info: objective.png used on input line 148.
(pdftex.def)             Requested size: 71.12491pt x 71.13188pt.
File: Push.png Graphic file (type png)
 <use Push.png>
Package pdftex.def Info: Push.png used on input line 156.
(pdftex.def)             Requested size: 17.07155pt x 17.07182pt.
File: objective.png Graphic file (type png)

<use objective.png>
Package pdftex.def Info: objective.png used on input line 157.
(pdftex.def)             Requested size: 71.12491pt x 71.13188pt.
 <Ranged.png, id=40, 513.92pt x 513.92pt>
File: Ranged.png Graphic file (type png)
 <use Ranged.png>
Package pdftex.def Info: Ranged.png used on input line 165.
(pdftex.def)             Requested size: 17.07155pt x 17.07182pt.
File: objective.png Graphic file (type png)

<use objective.png>
Package pdftex.def Info: objective.png used on input line 166.
(pdftex.def)             Requested size: 71.12491pt x 71.13188pt.
File: Melee.png Graphic file (type png)
 <use Melee.png>
Package pdftex.def Info: Melee.png used on input line 174.
(pdftex.def)             Requested size: 17.07155pt x 17.07182pt.
File: objective.png Graphic file (type png)
 <use objective.png>
Package pdftex.def Info: objective.png used on input line 175.
(pdftex.def)             Requested size: 71.12491pt x 71.13188pt.
File: Roam.png Graphic file (type png)
 <use Roam.png>
Package pdftex.def Info: Roam.png used on input line 183.
(pdftex.def)             Requested size: 17.07155pt x 17.07182pt.
File: Push.png Graphic file (type png)

<use Push.png>
Package pdftex.def Info: Push.png used on input line 183.
(pdftex.def)             Requested size: 17.07155pt x 17.07182pt.
File: objective.png Graphic file (type png)
 <use objective.png>
Package pdftex.def Info: objective.png used on input line 184.
(pdftex.def)             Requested size: 71.12491pt x 71.13188pt.
File: Vision.png Graphic file (type png)
 <use Vision.png>
Package pdftex.def Info: Vision.png used on input line 192.
(pdftex.def)             Requested size: 17.07155pt x 17.07182pt.
File: objective.png Graphic file (type png)
 <use objective.png>
Package pdftex.def Info: objective.png used on input line 193.
(pdftex.def)             Requested size: 71.12491pt x 71.13188pt.
File: Melee.png Graphic file (type png)

<use Melee.png>
Package pdftex.def Info: Melee.png used on input line 201.
(pdftex.def)             Requested size: 17.07155pt x 17.07182pt.
File: Vision.png Graphic file (type png)
 <use Vision.png>
Package pdftex.def Info: Vision.png used on input line 201.
(pdftex.def)             Requested size: 17.07155pt x 17.07182pt.
File: objective.png Graphic file (type png)
 <use objective.png>
Package pdftex.def Info: objective.png used on input line 202.
(pdftex.def)             Requested size: 71.12491pt x 71.13188pt.
File: Push.png Graphic file (type png)
 <use Push.png>
Package pdftex.def Info: Push.png used on input line 210.
(pdftex.def)             Requested size: 17.07155pt x 17.07182pt.
File: objective.png Graphic file (type png)

<use objective.png>
Package pdftex.def Info: objective.png used on input line 211.
(pdftex.def)             Requested size: 71.12491pt x 71.13188pt.
File: Vision.png Graphic file (type png)
 <use Vision.png>
Package pdftex.def Info: Vision.png used on input line 219.
(pdftex.def)             Requested size: 17.07155pt x 17.07182pt.
File: Roam.png Graphic file (type png)
 <use Roam.png>
Package pdftex.def Info: Roam.png used on input line 219.
(pdftex.def)             Requested size: 17.07155pt x 17.07182pt.
File: objective.png Graphic file (type png)
 <use objective.png>
Package pdftex.def Info: objective.png used on input line 220.
(pdftex.def)             Requested size: 71.12491pt x 71.13188pt.
File: Ranged.png Graphic file (type png)

<use Ranged.png>
Package pdftex.def Info: Ranged.png used on input line 228.
(pdftex.def)             Requested size: 17.07155pt x 17.07182pt.
File: Vision.png Graphic file (type png)
 <use Vision.png>
Package pdftex.def Info: Vision.png used on input line 228.
(pdftex.def)             Requested size: 17.07155pt x 17.07182pt.
File: objective.png Graphic file (type png)
 <use objective.png>
Package pdftex.def Info: objective.png used on input line 229.
(pdftex.def)             Requested size: 71.12491pt x 71.13188pt.
File: Roam.png Graphic file (type png)
 <use Roam.png>
Package pdftex.def Info: Roam.png used on input line 237.
(pdftex.def)             Requested size: 17.07155pt x 17.07182pt.
File: objective.png Graphic file (type png)

<use objective.png>
Package pdftex.def Info: objective.png used on input line 238.
(pdftex.def)             Requested size: 71.12491pt x 71.13188pt.
File: vp.png Graphic file (type png)
 <use vp.png>
Package pdftex.def Info: vp.png used on input line 246.
(pdftex.def)             Requested size: 17.07155pt x 17.07182pt.
File: Roam.png Graphic file (type png)
 <use Roam.png>
Package pdftex.def Info: Roam.png used on input line 246.
(pdftex.def)             Requested size: 17.07155pt x 17.07182pt.
File: ranged.png Graphic file (type png)
 <use ranged.png>
Package pdftex.def Info: ranged.png used on input line 247.
(pdftex.def)             Requested size: 71.12491pt x 71.13188pt.
File: vp.png Graphic file (type png)
 <use vp.png>
Package pdftex.def Info: vp.png used on input line 248.
(pdftex.def)             Requested size: 17.07155pt x 17.07182pt.
File: Vision.png Graphic file (type png)

<use Vision.png>
Package pdftex.def Info: Vision.png used on input line 250.
(pdftex.def)             Requested size: 42.67886pt x 42.67912pt.
File: Push.png Graphic file (type png)
 <use Push.png>
Package pdftex.def Info: Push.png used on input line 250.
(pdftex.def)             Requested size: 42.67494pt x 42.67912pt.
File: notRoam.png Graphic file (type png)
 <use notRoam.png>
Package pdftex.def Info: notRoam.png used on input line 250.
(pdftex.def)             Requested size: 42.67494pt x 42.67912pt.
File: vp.png Graphic file (type png)
 <use vp.png>
Package pdftex.def Info: vp.png used on input line 257.
(pdftex.def)             Requested size: 17.07155pt x 17.07182pt.
File: Push.png Graphic file (type png)
 <use Push.png>
Package pdftex.def Info: Push.png used on input line 257.
(pdftex.def)             Requested size: 17.07155pt x 17.07182pt.
File: Roam.png Graphic file (type png)

<use Roam.png>
Package pdftex.def Info: Roam.png used on input line 257.
(pdftex.def)             Requested size: 17.07155pt x 17.07182pt.
File: melee.png Graphic file (type png)
 <use melee.png>
Package pdftex.def Info: melee.png used on input line 258.
(pdftex.def)             Requested size: 71.12491pt x 71.13188pt.
File: vp.png Graphic file (type png)
 <use vp.png>
Package pdftex.def Info: vp.png used on input line 259.
(pdftex.def)             Requested size: 17.07155pt x 17.07182pt.
File: Vision.png Graphic file (type png)
 <use Vision.png>
Package pdftex.def Info: Vision.png used on input line 261.
(pdftex.def)             Requested size: 42.67886pt x 42.67912pt.
File: notPush.png Graphic file (type png)
 <use notPush.png>
Package pdftex.def Info: notPush.png used on input line 261.
(pdftex.def)             Requested size: 42.67494pt x 42.67912pt.
File: notRoam.png Graphic file (type png)

<use notRoam.png>
Package pdftex.def Info: notRoam.png used on input line 261.
(pdftex.def)             Requested size: 42.67494pt x 42.67912pt.
File: vp.png Graphic file (type png)
 <use vp.png>
Package pdftex.def Info: vp.png used on input line 268.
(pdftex.def)             Requested size: 17.07155pt x 17.07182pt.
File: Vision.png Graphic file (type png)
 <use Vision.png>
Package pdftex.def Info: Vision.png used on input line 268.
(pdftex.def)             Requested size: 17.07155pt x 17.07182pt.
File: melee.png Graphic file (type png)
 <use melee.png>
Package pdftex.def Info: melee.png used on input line 269.
(pdftex.def)             Requested size: 71.12491pt x 71.13188pt.
File: vp.png Graphic file (type png)
 <use vp.png>
Package pdftex.def Info: vp.png used on input line 270.
(pdftex.def)             Requested size: 17.07155pt x 17.07182pt.
File: Vision.png Graphic file (type png)

<use Vision.png>
Package pdftex.def Info: Vision.png used on input line 272.
(pdftex.def)             Requested size: 42.67886pt x 42.67912pt.
File: notPush.png Graphic file (type png)
 <use notPush.png>
Package pdftex.def Info: notPush.png used on input line 272.
(pdftex.def)             Requested size: 42.67494pt x 42.67912pt.
File: notRoam.png Graphic file (type png)
 <use notRoam.png>
Package pdftex.def Info: notRoam.png used on input line 272.
(pdftex.def)             Requested size: 42.67494pt x 42.67912pt.
File: vp.png Graphic file (type png)
 <use vp.png>
Package pdftex.def Info: vp.png used on input line 279.
(pdftex.def)             Requested size: 17.07155pt x 17.07182pt.
File: ranged.png Graphic file (type png)

<use ranged.png>
Package pdftex.def Info: ranged.png used on input line 280.
(pdftex.def)             Requested size: 71.12491pt x 71.13188pt.
File: vp.png Graphic file (type png)
 <use vp.png>
Package pdftex.def Info: vp.png used on input line 281.
(pdftex.def)             Requested size: 17.07155pt x 17.07182pt.
File: notVision.png Graphic file (type png)
 <use notVision.png>
Package pdftex.def Info: notVision.png used on input line 283.
(pdftex.def)             Requested size: 42.67494pt x 42.67912pt.
File: notPush.png Graphic file (type png)
 <use notPush.png>
Package pdftex.def Info: notPush.png used on input line 283.
(pdftex.def)             Requested size: 42.67494pt x 42.67912pt.
File: Roam.png Graphic file (type png)

<use Roam.png>
Package pdftex.def Info: Roam.png used on input line 283.
(pdftex.def)             Requested size: 42.67494pt x 42.67912pt.
File: Roam.png Graphic file (type png)
 <use Roam.png>
Package pdftex.def Info: Roam.png used on input line 290.
(pdftex.def)             Requested size: 17.07155pt x 17.07182pt.
File: melee.png Graphic file (type png)
 <use melee.png>
Package pdftex.def Info: melee.png used on input line 291.
(pdftex.def)             Requested size: 71.12491pt x 71.13188pt.
File: vp.png Graphic file (type png)
 <use vp.png>
Package pdftex.def Info: vp.png used on input line 292.
(pdftex.def)             Requested size: 17.07155pt x 17.07182pt.
File: notVision.png Graphic file (type png)
 <use notVision.png>
Package pdftex.def Info: notVision.png used on input line 294.
(pdftex.def)             Requested size: 42.67494pt x 42.67912pt.
File: Push.png Graphic file (type png)

<use Push.png>
Package pdftex.def Info: Push.png used on input line 294.
(pdftex.def)             Requested size: 42.67494pt x 42.67912pt.
File: notRoam.png Graphic file (type png)
 <use notRoam.png>
Package pdftex.def Info: notRoam.png used on input line 294.
(pdftex.def)             Requested size: 42.67494pt x 42.67912pt.
File: ranged.png Graphic file (type png)
 <use ranged.png>
Package pdftex.def Info: ranged.png used on input line 302.
(pdftex.def)             Requested size: 71.12491pt x 71.13188pt.
File: vp.png Graphic file (type png)
 <use vp.png>
Package pdftex.def Info: vp.png used on input line 303.
(pdftex.def)             Requested size: 17.07155pt x 17.07182pt.
File: notVision.png Graphic file (type png)

<use notVision.png>
Package pdftex.def Info: notVision.png used on input line 305.
(pdftex.def)             Requested size: 42.67494pt x 42.67912pt.
File: notPush.png Graphic file (type png)
 <use notPush.png>
Package pdftex.def Info: notPush.png used on input line 305.
(pdftex.def)             Requested size: 42.67494pt x 42.67912pt.
File: notRoam.png Graphic file (type png)
 <use notRoam.png>
Package pdftex.def Info: notRoam.png used on input line 305.
(pdftex.def)             Requested size: 42.67494pt x 42.67912pt.
File: vp.png Graphic file (type png)
 <use vp.png>
Package pdftex.def Info: vp.png used on input line 312.
(pdftex.def)             Requested size: 17.07155pt x 17.07182pt.
File: Push.png Graphic file (type png)

<use Push.png>
Package pdftex.def Info: Push.png used on input line 312.
(pdftex.def)             Requested size: 17.07155pt x 17.07182pt.
File: melee.png Graphic file (type png)
 <use melee.png>
Package pdftex.def Info: melee.png used on input line 313.
(pdftex.def)             Requested size: 71.12491pt x 71.13188pt.
File: vp.png Graphic file (type png)
 <use vp.png>
Package pdftex.def Info: vp.png used on input line 314.
(pdftex.def)             Requested size: 17.07155pt x 17.07182pt.
File: Vision.png Graphic file (type png)
 <use Vision.png>
Package pdftex.def Info: Vision.png used on input line 316.
(pdftex.def)             Requested size: 42.67886pt x 42.67912pt.
File: Push.png Graphic file (type png)
 <use Push.png>
Package pdftex.def Info: Push.png used on input line 316.
(pdftex.def)             Requested size: 42.67494pt x 42.67912pt.
File: notRoam.png Graphic file (type png)

<use notRoam.png>
Package pdftex.def Info: notRoam.png used on input line 316.
(pdftex.def)             Requested size: 42.67494pt x 42.67912pt.
File: vp.png Graphic file (type png)
 <use vp.png>
Package pdftex.def Info: vp.png used on input line 323.
(pdftex.def)             Requested size: 17.07155pt x 17.07182pt.
File: Vision.png Graphic file (type png)
 <use Vision.png>
Package pdftex.def Info: Vision.png used on input line 323.
(pdftex.def)             Requested size: 17.07155pt x 17.07182pt.
File: melee.png Graphic file (type png)
 <use melee.png>
Package pdftex.def Info: melee.png used on input line 324.
(pdftex.def)             Requested size: 71.12491pt x 71.13188pt.
File: vp.png Graphic file (type png)
 <use vp.png>
Package pdftex.def Info: vp.png used on input line 325.
(pdftex.def)             Requested size: 17.07155pt x 17.07182pt.
File: Vision.png Graphic file (type png)

<use Vision.png>
Package pdftex.def Info: Vision.png used on input line 327.
(pdftex.def)             Requested size: 42.67886pt x 42.67912pt.
File: Push.png Graphic file (type png)
 <use Push.png>
Package pdftex.def Info: Push.png used on input line 327.
(pdftex.def)             Requested size: 42.67494pt x 42.67912pt.
File: Roam.png Graphic file (type png)
 <use Roam.png>
Package pdftex.def Info: Roam.png used on input line 327.
(pdftex.def)             Requested size: 42.67494pt x 42.67912pt.
File: vp.png Graphic file (type png)
 <use vp.png>
Package pdftex.def Info: vp.png used on input line 334.
(pdftex.def)             Requested size: 17.07155pt x 17.07182pt.
File: Ranged.png Graphic file (type png)
 <use Ranged.png>
Package pdftex.def Info: Ranged.png used on input line 334.
(pdftex.def)             Requested size: 17.07155pt x 17.07182pt.
File: melee.png Graphic file (type png)

<use melee.png>
Package pdftex.def Info: melee.png used on input line 335.
(pdftex.def)             Requested size: 71.12491pt x 71.13188pt.
File: vp.png Graphic file (type png)
 <use vp.png>
Package pdftex.def Info: vp.png used on input line 336.
(pdftex.def)             Requested size: 17.07155pt x 17.07182pt.
File: Vision.png Graphic file (type png)
 <use Vision.png>
Package pdftex.def Info: Vision.png used on input line 338.
(pdftex.def)             Requested size: 42.67886pt x 42.67912pt.
File: notPush.png Graphic file (type png)
 <use notPush.png>
Package pdftex.def Info: notPush.png used on input line 338.
(pdftex.def)             Requested size: 42.67494pt x 42.67912pt.
File: notRoam.png Graphic file (type png)

<use notRoam.png>
Package pdftex.def Info: notRoam.png used on input line 338.
(pdftex.def)             Requested size: 42.67494pt x 42.67912pt.
File: vp.png Graphic file (type png)
 <use vp.png>
Package pdftex.def Info: vp.png used on input line 345.
(pdftex.def)             Requested size: 17.07155pt x 17.07182pt.
File: Vision.png Graphic file (type png)
 <use Vision.png>
Package pdftex.def Info: Vision.png used on input line 345.
(pdftex.def)             Requested size: 17.07155pt x 17.07182pt.
File: melee.png Graphic file (type png)
 <use melee.png>
Package pdftex.def Info: melee.png used on input line 346.
(pdftex.def)             Requested size: 71.12491pt x 71.13188pt.
File: vp.png Graphic file (type png)
 <use vp.png>
Package pdftex.def Info: vp.png used on input line 347.
(pdftex.def)             Requested size: 17.07155pt x 17.07182pt.
File: notVision.png Graphic file (type png)

<use notVision.png>
Package pdftex.def Info: notVision.png used on input line 349.
(pdftex.def)             Requested size: 42.67494pt x 42.67912pt.
File: notPush.png Graphic file (type png)
 <use notPush.png>
Package pdftex.def Info: notPush.png used on input line 349.
(pdftex.def)             Requested size: 42.67494pt x 42.67912pt.
File: Roam.png Graphic file (type png)
 <use Roam.png>
Package pdftex.def Info: Roam.png used on input line 349.
(pdftex.def)             Requested size: 42.67494pt x 42.67912pt.

Underfull \hbox (badness 1082) in paragraph at lines 356--356
[][][][]\T1/antt/m/n/14.4 If 1 As-sas-sin, 
 []

<team.png, id=41, 513.92pt x 513.92pt>
File: team.png Graphic file (type png)
 <use team.png>
Package pdftex.def Info: team.png used on input line 357.
(pdftex.def)             Requested size: 71.12491pt x 71.13188pt.

Underfull \hbox (badness 1082) in paragraph at lines 365--365
[][][][]\T1/antt/m/n/14.4 If 1 As-sas-sin, 
 []


Underfull \hbox (badness 1776) in paragraph at lines 365--365
\T1/antt/m/n/14.4 1 Spe-cia-list, 
 []


Underfull \hbox (badness 1460) in paragraph at lines 365--365
\T1/antt/m/n/14.4 1 Sup-port, 2 
 []

File: team.png Graphic file (type png)
<use team.png>
Package pdftex.def Info: team.png used on input line 366.
(pdftex.def)             Requested size: 71.12491pt x 71.13188pt.
File: team.png Graphic file (type png)
 <use team.png>
Package pdftex.def Info: team.png used on input line 375.
(pdftex.def)             Requested size: 71.12491pt x 71.13188pt.

Underfull \hbox (badness 1082) in paragraph at lines 383--383
[][][][]\T1/antt/m/n/14.4 If 2 As-sas-sin, 
 []

File: team.png Graphic file (type png)
<use team.png>
Package pdftex.def Info: team.png used on input line 384.
(pdftex.def)             Requested size: 71.12491pt x 71.13188pt.

Underfull \hbox (badness 1082) in paragraph at lines 392--392
[][][][]\T1/antt/m/n/14.4 If 1 As-sas-sin, 
 []

File: team.png Graphic file (type png)
<use team.png>
Package pdftex.def Info: team.png used on input line 393.
(pdftex.def)             Requested size: 71.12491pt x 71.13188pt.
File: team.png Graphic file (type png)
 <use team.png>
Package pdftex.def Info: team.png used on input line 402.
(pdftex.def)             Requested size: 71.12491pt x 71.13188pt.
File: team.png Graphic file (type png)
 <use team.png>
Package pdftex.def Info: team.png used on input line 411.
(pdftex.def)             Requested size: 71.12491pt x 71.13188pt.

Underfull \hbox (badness 1082) in paragraph at lines 419--419
[][][][]\T1/antt/m/n/14.4 If 1 As-sas-sin, 
 []

File: team.png Graphic file (type png)
<use team.png>
Package pdftex.def Info: team.png used on input line 420.
(pdftex.def)             Requested size: 71.12491pt x 71.13188pt.
File: team.png Graphic file (type png)
 <use team.png>
Package pdftex.def Info: team.png used on input line 429.
(pdftex.def)             Requested size: 71.12491pt x 71.13188pt.
File: team.png Graphic file (type png)
 <use team.png>
Package pdftex.def Info: team.png used on input line 438.
(pdftex.def)             Requested size: 71.12491pt x 71.13188pt.
File: team.png Graphic file (type png)
 <use team.png>
Package pdftex.def Info: team.png used on input line 447.
(pdftex.def)             Requested size: 71.12491pt x 71.13188pt.
File: Push.png Graphic file (type png)
 <use Push.png>
Package pdftex.def Info: Push.png used on input line 455.
(pdftex.def)             Requested size: 17.07155pt x 17.07182pt.

<map.png, id=42, 513.92pt x 513.92pt>
File: map.png Graphic file (type png)
 <use map.png>
Package pdftex.def Info: map.png used on input line 456.
(pdftex.def)             Requested size: 71.12491pt x 71.13188pt.

Underfull \hbox (badness 10000) in paragraph at lines 462--462
[]
 []


Overfull \hbox (15.7047pt too wide) in paragraph at lines 462--462
\T1/DejaVuSansMono-TLF/b/n/14.4 DRA-G-ONS-HI-RE 
 []


Underfull \hbox (badness 10000) in paragraph at lines 462--462
[]
 []


Overfull \hbox (15.7047pt too wide) in paragraph at lines 462--462
\T1/DejaVuSansMono-TLF/b/n/14.4 DRA-G-ONS-HI-RE 
 []


Underfull \hbox (badness 10000) in paragraph at lines 462--462
[]
 []


Overfull \hbox (15.7047pt too wide) in paragraph at lines 462--462
\T1/DejaVuSansMono-TLF/b/n/14.4 DRA-G-ONS-HI-RE 
 []


Underfull \hbox (badness 10000) in paragraph at lines 462--462
[]
 []


Overfull \hbox (15.7047pt too wide) in paragraph at lines 462--462
\T1/DejaVuSansMono-TLF/b/n/14.4 DRA-G-ONS-HI-RE 
 []

File: Vision.png Graphic file (type png)
<use Vision.png>
Package pdftex.def Info: Vision.png used on input line 464.
(pdftex.def)             Requested size: 17.07155pt x 17.07182pt.
File: map.png Graphic file (type png)
 <use map.png>
Package pdftex.def Info: map.png used on input line 465.
(pdftex.def)             Requested size: 71.12491pt x 71.13188pt.
File: Roam.png Graphic file (type png)
 <use Roam.png>
Package pdftex.def Info: Roam.png used on input line 473.
(pdftex.def)             Requested size: 17.07155pt x 17.07182pt.
File: map.png Graphic file (type png)
 <use map.png>
Package pdftex.def Info: map.png used on input line 474.
(pdftex.def)             Requested size: 71.12491pt x 71.13188pt.
File: Melee.png Graphic file (type png)
 <use Melee.png>
Package pdftex.def Info: Melee.png used on input line 482.
(pdftex.def)             Requested size: 17.07155pt x 17.07182pt.
File: map.png Graphic file (type png)

<use map.png>
Package pdftex.def Info: map.png used on input line 483.
(pdftex.def)             Requested size: 71.12491pt x 71.13188pt.
File: Ranged.png Graphic file (type png)
 <use Ranged.png>
Package pdftex.def Info: Ranged.png used on input line 491.
(pdftex.def)             Requested size: 17.07155pt x 17.07182pt.
File: map.png Graphic file (type png)
 <use map.png>
Package pdftex.def Info: map.png used on input line 492.
(pdftex.def)             Requested size: 71.12491pt x 71.13188pt.
 [1

{C:/ProgramData/MiKTeX/2.9/pdftex/config/pdftex.map} <C:/Users/kriley/Desktop/d
raftRepo/vp.png> <C:/Users/kriley/Desktop/draftRepo/Melee.png> <C:/Users/kriley
/Desktop/draftRepo/melee.png> <C:/Users/kriley/Desktop/draftRepo/Vision.png> <C
:/Users/kriley/Desktop/draftRepo/Push.png> <C:/Users/kriley/Desktop/draftRepo/n
otRoam.png> <C:/Users/kriley/Desktop/draftRepo/ranged.png> <C:/Users/kriley/Des
ktop/draftRepo/Roam.png> <C:/Users/kriley/Desktop/draftRepo/notPush.png> <C:/Us
ers/kriley/Desktop/draftRepo/notVision.png>] [2 <C:/Users/kriley/Desktop/draftR
epo/objective.png> <C:/Users/kriley/Desktop/draftRepo/Ranged.png>] [3] [4 <C:/U
sers/kriley/Desktop/draftRepo/team.png>] [5 <C:/Users/kriley/Desktop/draftRepo/
map.png>] [6]
(C:\Users\kriley\Desktop\draftRepo\bareCards.aux) ) 
Here is how much of TeX's memory you used:
 17296 strings out of 493921
 367279 string characters out of 3144874
 10602409 words of memory out of 13000000
 20174 multiletter control sequences out of 15000+200000
 19265 words of font info for 28 fonts, out of 3000000 for 9000
 841 hyphenation exceptions out of 8191
 57i,14n,78p,433b,810s stack positions out of 5000i,500n,10000p,200000b,50000s
{C:/Program Files (x86)/MiKT
eX 2.9/fonts/enc/dvips/dejavu/dejavumono_t1-type1.enc}{C:/Program Files (x86)/M
iKTeX 2.9/fonts/enc/dvips/antt/antt-ec.enc}<C:/Program Files (x86)/MiKTeX 2.9/f
onts/type1/public/dejavu/DejaVuSansMono-Bold.pfb><C:/Program Files (x86)/MiKTeX
 2.9/fonts/type1/public/dejavu/DejaVuSansMono.pfb><C:/Program Files (x86)/MiKTe
X 2.9/fonts/type1/public/antt/anttr.pfb>
Output written on bareCards.pdf (6 pages, 212578 bytes).
PDF statistics:
 91 PDF objects out of 1000 (max. 8388607)
 0 named destinations out of 1000 (max. 500000)
 6323 words of extra memory for PDF output out of 10000 (max. 10000000)

